# JRE version: OpenJDK Runtime Environment (11.0.13) (build 11.0.13+0-b1751.21-8125866)
# Java VM: OpenJDK 64-Bit Server VM (11.0.13+0-b1751.21-8125866, mixed mode, tiered, compressed oops, g1 gc, windows-amd64)
Heap:
 garbage-first heap   total 262144K, used 143360K [0x0000000080000000, 0x0000000100000000)
  region size 1024K, 40 young (40960K), 18 survivors (18432K)
 Metaspace       used 92545K, capacity 94762K, committed 94928K, reserved 1132544K
  class space    used 11770K, capacity 12637K, committed 12672K, reserved 1048576K
GC Heap History (20 events):
Event: 4.863 GC heap before
{Heap before GC invocations=3 (full 0):
 garbage-first heap   total 262144K, used 54155K [0x0000000080000000, 0x0000000100000000)
  region size 1024K, 45 young (46080K), 4 survivors (4096K)
 Metaspace       used 17374K, capacity 17793K, committed 18048K, reserved 1064960K
  class space    used 1997K, capacity 2147K, committed 2176K, reserved 1048576K
}
Event: 4.867 GC heap after
{Heap after GC invocations=4 (full 0):
 garbage-first heap   total 262144K, used 15795K [0x0000000080000000, 0x0000000100000000)
  region size 1024K, 6 young (6144K), 6 survivors (6144K)
 Metaspace       used 17374K, capacity 17793K, committed 18048K, reserved 1064960K
  class space    used 1997K, capacity 2147K, committed 2176K, reserved 1048576K
}
Event: 5.350 GC heap before
{Heap before GC invocations=4 (full 0):
 garbage-first heap   total 262144K, used 48563K [0x0000000080000000, 0x0000000100000000)
  region size 1024K, 39 young (39936K), 6 survivors (6144K)
 Metaspace       used 20759K, capacity 21152K, committed 21296K, reserved 1069056K
  class space    used 2518K, capacity 2649K, committed 2688K, reserved 1048576K
}
Event: 5.356 GC heap after
{Heap after GC invocations=5 (full 0):
 garbage-first heap   total 262144K, used 17913K [0x0000000080000000, 0x0000000100000000)
  region size 1024K, 2 young (2048K), 2 survivors (2048K)
 Metaspace       used 20759K, capacity 21152K, committed 21296K, reserved 1069056K
  class space    used 2518K, capacity 2649K, committed 2688K, reserved 1048576K
}
Event: 6.143 GC heap before
{Heap before GC invocations=6 (full 0):
 garbage-first heap   total 262144K, used 79353K [0x0000000080000000, 0x0000000100000000)
  region size 1024K, 62 young (63488K), 2 survivors (2048K)
 Metaspace       used 26992K, capacity 27643K, committed 27824K, reserved 1073152K
  class space    used 3490K, capacity 3738K, committed 3840K, reserved 1048576K
}
Event: 6.148 GC heap after
{Heap after GC invocations=7 (full 0):
 garbage-first heap   total 262144K, used 19833K [0x0000000080000000, 0x0000000100000000)
  region size 1024K, 4 young (4096K), 4 survivors (4096K)
 Metaspace       used 26992K, capacity 27643K, committed 27824K, reserved 1073152K
  class space    used 3490K, capacity 3738K, committed 3840K, reserved 1048576K
}
Event: 7.064 GC heap before
{Heap before GC invocations=7 (full 0):
 garbage-first heap   total 262144K, used 74105K [0x0000000080000000, 0x0000000100000000)
  region size 1024K, 58 young (59392K), 4 survivors (4096K)
 Metaspace       used 35009K, capacity 35762K, committed 35920K, reserved 1081344K
  class space    used 4489K, capacity 4788K, committed 4864K, reserved 1048576K
}
Event: 7.071 GC heap after
{Heap after GC invocations=8 (full 0):
 garbage-first heap   total 262144K, used 22886K [0x0000000080000000, 0x0000000100000000)
  region size 1024K, 7 young (7168K), 7 survivors (7168K)
 Metaspace       used 35009K, capacity 35762K, committed 35920K, reserved 1081344K
  class space    used 4489K, capacity 4788K, committed 4864K, reserved 1048576K
}
Event: 9.150 GC heap before
{Heap before GC invocations=9 (full 0):
 garbage-first heap   total 262144K, used 169318K [0x0000000080000000, 0x0000000100000000)
  region size 1024K, 147 young (150528K), 7 survivors (7168K)
 Metaspace       used 46717K, capacity 47839K, committed 47952K, reserved 1091584K
  class space    used 5923K, capacity 6369K, committed 6400K, reserved 1048576K
}
Event: 9.162 GC heap after
{Heap after GC invocations=10 (full 0):
 garbage-first heap   total 262144K, used 31238K [0x0000000080000000, 0x0000000100000000)
  region size 1024K, 15 young (15360K), 15 survivors (15360K)
 Metaspace       used 46717K, capacity 47839K, committed 47952K, reserved 1091584K
  class space    used 5923K, capacity 6369K, committed 6400K, reserved 1048576K
}
Event: 16.606 GC heap before
{Heap before GC invocations=10 (full 0):
 garbage-first heap   total 262144K, used 179718K [0x0000000080000000, 0x0000000100000000)
  region size 1024K, 152 young (155648K), 15 survivors (15360K)
 Metaspace       used 58774K, capacity 60177K, committed 60240K, reserved 1101824K
  class space    used 7337K, capacity 7879K, committed 7936K, reserved 1048576K
}
Event: 16.633 GC heap after
{Heap after GC invocations=11 (full 0):
 garbage-first heap   total 262144K, used 51746K [0x0000000080000000, 0x0000000100000000)
  region size 1024K, 20 young (20480K), 20 survivors (20480K)
 Metaspace       used 58774K, capacity 60177K, committed 60240K, reserved 1101824K
  class space    used 7337K, capacity 7879K, committed 7936K, reserved 1048576K
}
Event: 19.047 GC heap before
{Heap before GC invocations=12 (full 0):
 garbage-first heap   total 262144K, used 195106K [0x0000000080000000, 0x0000000100000000)
  region size 1024K, 153 young (156672K), 20 survivors (20480K)
 Metaspace       used 69289K, capacity 70835K, committed 71120K, reserved 1112064K
  class space    used 8661K, capacity 9278K, committed 9344K, reserved 1048576K
}
Event: 19.066 GC heap after
{Heap after GC invocations=13 (full 0):
 garbage-first heap   total 262144K, used 61794K [0x0000000080000000, 0x0000000100000000)
  region size 1024K, 11 young (11264K), 11 survivors (11264K)
 Metaspace       used 69289K, capacity 70835K, committed 71120K, reserved 1112064K
  class space    used 8661K, capacity 9278K, committed 9344K, reserved 1048576K
}
Event: 21.264 GC heap before
{Heap before GC invocations=13 (full 0):
 garbage-first heap   total 262144K, used 199010K [0x0000000080000000, 0x0000000100000000)
  region size 1024K, 145 young (148480K), 11 survivors (11264K)
 Metaspace       used 77057K, capacity 78696K, committed 78928K, reserved 1118208K
  class space    used 9835K, capacity 10478K, committed 10496K, reserved 1048576K
}
Event: 21.277 GC heap after
{Heap after GC invocations=14 (full 0):
 garbage-first heap   total 262144K, used 70656K [0x0000000080000000, 0x0000000100000000)
  region size 1024K, 9 young (9216K), 9 survivors (9216K)
 Metaspace       used 77057K, capacity 78696K, committed 78928K, reserved 1118208K
  class space    used 9835K, capacity 10478K, committed 10496K, reserved 1048576K
}
Event: 23.605 GC heap before
{Heap before GC invocations=14 (full 0):
 garbage-first heap   total 262144K, used 202752K [0x0000000080000000, 0x0000000100000000)
  region size 1024K, 139 young (142336K), 9 survivors (9216K)
 Metaspace       used 89082K, capacity 91113K, committed 91216K, reserved 1128448K
  class space    used 11443K, capacity 12205K, committed 12288K, reserved 1048576K
}
Event: 23.620 GC heap after
{Heap after GC invocations=15 (full 0):
 garbage-first heap   total 262144K, used 82432K [0x0000000080000000, 0x0000000100000000)
  region size 1024K, 18 young (18432K), 18 survivors (18432K)
 Metaspace       used 89082K, capacity 91113K, committed 91216K, reserved 1128448K
  class space    used 11443K, capacity 12205K, committed 12288K, reserved 1048576K
}
Event: 26.497 GC heap before
{Heap before GC invocations=15 (full 0):
 garbage-first heap   total 262144K, used 206336K [0x0000000080000000, 0x0000000100000000)
  region size 1024K, 138 young (141312K), 18 survivors (18432K)
 Metaspace       used 91985K, capacity 94133K, committed 94416K, reserved 1130496K
  class space    used 11717K, capacity 12561K, committed 12672K, reserved 1048576K
}
Event: 26.530 GC heap after
{Heap after GC invocations=16 (full 0):
 garbage-first heap   total 262144K, used 105472K [0x0000000080000000, 0x0000000100000000)
  region size 1024K, 18 young (18432K), 18 survivors (18432K)
 Metaspace       used 91985K, capacity 94133K, committed 94416K, reserved 1130496K
  class space    used 11717K, capacity 12561K, committed 12672K, reserved 1048576K
}

